The target system is: Emscripten - 1 - x86
The host system is: Linux - 4.13.0-39-generic - x86_64
Determining if the include file pthread.h exists passed with the following output:
Change Dir: /home/maha/opencv-3.4.0/build_js/CMakeFiles/CMakeTmp

Run Build Command:"/usr/bin/make" "cmTC_933e4/fast"
/usr/bin/make -f CMakeFiles/cmTC_933e4.dir/build.make CMakeFiles/cmTC_933e4.dir/build
make[1]: вход в каталог «/home/maha/opencv-3.4.0/build_js/CMakeFiles/CMakeTmp»
Building C object CMakeFiles/cmTC_933e4.dir/CheckIncludeFile.c.o
/home/maha/emsdk/emscripten/1.37.39/emcc    -fsigned-char -W -Wall -Werror=return-type -Werror=non-virtual-dtor -Werror=address -Werror=sequence-point -Wformat -Werror=format-security -Wmissing-declarations -Wmissing-prototypes -Wstrict-prototypes -Wundef -Winit-self -Wpointer-arith -Wshadow -Wsign-promo -Wuninitialized -Winit-self -Wno-narrowing -Wno-delete-non-virtual-dtor -Wno-unnamed-type-template-args -Wno-comment -Wno-implicit-fallthrough -fdiagnostics-show-option -pthread -Qunused-arguments -march=i686 -fomit-frame-pointer -ffunction-sections -fdata-sections  -fvisibility=hidden -fvisibility-inlines-hidden -s ERROR_ON_UNDEFINED_SYMBOLS=1 -DNDEBUG -O2 -fPIE   -o CMakeFiles/cmTC_933e4.dir/CheckIncludeFile.c.o   -c /home/maha/opencv-3.4.0/build_js/CMakeFiles/CMakeTmp/CheckIncludeFile.c
Linking C executable cmTC_933e4.js
/usr/bin/cmake -E cmake_link_script CMakeFiles/cmTC_933e4.dir/link.txt --verbose=1
/home/maha/emsdk/emscripten/1.37.39/emcc     -fsigned-char -W -Wall -Werror=return-type -Werror=non-virtual-dtor -Werror=address -Werror=sequence-point -Wformat -Werror=format-security -Wmissing-declarations -Wmissing-prototypes -Wstrict-prototypes -Wundef -Winit-self -Wpointer-arith -Wshadow -Wsign-promo -Wuninitialized -Winit-self -Wno-narrowing -Wno-delete-non-virtual-dtor -Wno-unnamed-type-template-args -Wno-comment -Wno-implicit-fallthrough -fdiagnostics-show-option -pthread -Qunused-arguments -march=i686 -fomit-frame-pointer -ffunction-sections -fdata-sections  -fvisibility=hidden -fvisibility-inlines-hidden -s ERROR_ON_UNDEFINED_SYMBOLS=1 -DNDEBUG -O2    -Wl,--gc-sections  -O2 @CMakeFiles/cmTC_933e4.dir/objects1.rsp  -o cmTC_933e4.js  
make[1]: выход из каталога «/home/maha/opencv-3.4.0/build_js/CMakeFiles/CMakeTmp»


Determining if the posix_memalign exist passed with the following output:
Change Dir: /home/maha/opencv-3.4.0/build_js/CMakeFiles/CMakeTmp

Run Build Command:"/usr/bin/make" "cmTC_d31c7/fast"
/usr/bin/make -f CMakeFiles/cmTC_d31c7.dir/build.make CMakeFiles/cmTC_d31c7.dir/build
make[1]: вход в каталог «/home/maha/opencv-3.4.0/build_js/CMakeFiles/CMakeTmp»
Building C object CMakeFiles/cmTC_d31c7.dir/CheckSymbolExists.c.o
/home/maha/emsdk/emscripten/1.37.39/emcc    -fsigned-char -W -Wall -Werror=return-type -Werror=non-virtual-dtor -Werror=address -Werror=sequence-point -Wformat -Werror=format-security -Wmissing-declarations -Wmissing-prototypes -Wstrict-prototypes -Wundef -Winit-self -Wpointer-arith -Wshadow -Wsign-promo -Wuninitialized -Winit-self -Wno-narrowing -Wno-delete-non-virtual-dtor -Wno-unnamed-type-template-args -Wno-comment -Wno-implicit-fallthrough -fdiagnostics-show-option -pthread -Qunused-arguments -march=i686 -fomit-frame-pointer -ffunction-sections -fdata-sections  -fvisibility=hidden -fvisibility-inlines-hidden -s ERROR_ON_UNDEFINED_SYMBOLS=1 -DNDEBUG -O2 -fPIE   -o CMakeFiles/cmTC_d31c7.dir/CheckSymbolExists.c.o   -c /home/maha/opencv-3.4.0/build_js/CMakeFiles/CMakeTmp/CheckSymbolExists.c
Linking C executable cmTC_d31c7.js
/usr/bin/cmake -E cmake_link_script CMakeFiles/cmTC_d31c7.dir/link.txt --verbose=1
/home/maha/emsdk/emscripten/1.37.39/emcc     -fsigned-char -W -Wall -Werror=return-type -Werror=non-virtual-dtor -Werror=address -Werror=sequence-point -Wformat -Werror=format-security -Wmissing-declarations -Wmissing-prototypes -Wstrict-prototypes -Wundef -Winit-self -Wpointer-arith -Wshadow -Wsign-promo -Wuninitialized -Winit-self -Wno-narrowing -Wno-delete-non-virtual-dtor -Wno-unnamed-type-template-args -Wno-comment -Wno-implicit-fallthrough -fdiagnostics-show-option -pthread -Qunused-arguments -march=i686 -fomit-frame-pointer -ffunction-sections -fdata-sections  -fvisibility=hidden -fvisibility-inlines-hidden -s ERROR_ON_UNDEFINED_SYMBOLS=1 -DNDEBUG -O2    -Wl,--gc-sections  -O2 @CMakeFiles/cmTC_d31c7.dir/objects1.rsp  -o cmTC_d31c7.js  
make[1]: выход из каталога «/home/maha/opencv-3.4.0/build_js/CMakeFiles/CMakeTmp»

File /home/maha/opencv-3.4.0/build_js/CMakeFiles/CMakeTmp/CheckSymbolExists.c:
/* */
#include <stdlib.h>

int main(int argc, char** argv)
{
  (void)argv;
#ifndef posix_memalign
  return ((int*)(&posix_memalign))[argc];
#else
  (void)argc;
  return 0;
#endif
}

Determining if the include file malloc.h exists passed with the following output:
Change Dir: /home/maha/opencv-3.4.0/build_js/CMakeFiles/CMakeTmp

Run Build Command:"/usr/bin/make" "cmTC_32a86/fast"
/usr/bin/make -f CMakeFiles/cmTC_32a86.dir/build.make CMakeFiles/cmTC_32a86.dir/build
make[1]: вход в каталог «/home/maha/opencv-3.4.0/build_js/CMakeFiles/CMakeTmp»
Building C object CMakeFiles/cmTC_32a86.dir/CheckIncludeFile.c.o
/home/maha/emsdk/emscripten/1.37.39/emcc    -fsigned-char -W -Wall -Werror=return-type -Werror=non-virtual-dtor -Werror=address -Werror=sequence-point -Wformat -Werror=format-security -Wmissing-declarations -Wmissing-prototypes -Wstrict-prototypes -Wundef -Winit-self -Wpointer-arith -Wshadow -Wsign-promo -Wuninitialized -Winit-self -Wno-narrowing -Wno-delete-non-virtual-dtor -Wno-unnamed-type-template-args -Wno-comment -Wno-implicit-fallthrough -fdiagnostics-show-option -pthread -Qunused-arguments -march=i686 -fomit-frame-pointer -ffunction-sections -fdata-sections  -fvisibility=hidden -fvisibility-inlines-hidden -s ERROR_ON_UNDEFINED_SYMBOLS=1 -DNDEBUG -O2 -fPIE   -o CMakeFiles/cmTC_32a86.dir/CheckIncludeFile.c.o   -c /home/maha/opencv-3.4.0/build_js/CMakeFiles/CMakeTmp/CheckIncludeFile.c
Linking C executable cmTC_32a86.js
/usr/bin/cmake -E cmake_link_script CMakeFiles/cmTC_32a86.dir/link.txt --verbose=1
/home/maha/emsdk/emscripten/1.37.39/emcc     -fsigned-char -W -Wall -Werror=return-type -Werror=non-virtual-dtor -Werror=address -Werror=sequence-point -Wformat -Werror=format-security -Wmissing-declarations -Wmissing-prototypes -Wstrict-prototypes -Wundef -Winit-self -Wpointer-arith -Wshadow -Wsign-promo -Wuninitialized -Winit-self -Wno-narrowing -Wno-delete-non-virtual-dtor -Wno-unnamed-type-template-args -Wno-comment -Wno-implicit-fallthrough -fdiagnostics-show-option -pthread -Qunused-arguments -march=i686 -fomit-frame-pointer -ffunction-sections -fdata-sections  -fvisibility=hidden -fvisibility-inlines-hidden -s ERROR_ON_UNDEFINED_SYMBOLS=1 -DNDEBUG -O2    -Wl,--gc-sections  -O2 @CMakeFiles/cmTC_32a86.dir/objects1.rsp  -o cmTC_32a86.js  
make[1]: выход из каталога «/home/maha/opencv-3.4.0/build_js/CMakeFiles/CMakeTmp»


Determining if the memalign exist passed with the following output:
Change Dir: /home/maha/opencv-3.4.0/build_js/CMakeFiles/CMakeTmp

Run Build Command:"/usr/bin/make" "cmTC_3509f/fast"
/usr/bin/make -f CMakeFiles/cmTC_3509f.dir/build.make CMakeFiles/cmTC_3509f.dir/build
make[1]: вход в каталог «/home/maha/opencv-3.4.0/build_js/CMakeFiles/CMakeTmp»
Building C object CMakeFiles/cmTC_3509f.dir/CheckSymbolExists.c.o
/home/maha/emsdk/emscripten/1.37.39/emcc    -fsigned-char -W -Wall -Werror=return-type -Werror=non-virtual-dtor -Werror=address -Werror=sequence-point -Wformat -Werror=format-security -Wmissing-declarations -Wmissing-prototypes -Wstrict-prototypes -Wundef -Winit-self -Wpointer-arith -Wshadow -Wsign-promo -Wuninitialized -Winit-self -Wno-narrowing -Wno-delete-non-virtual-dtor -Wno-unnamed-type-template-args -Wno-comment -Wno-implicit-fallthrough -fdiagnostics-show-option -pthread -Qunused-arguments -march=i686 -fomit-frame-pointer -ffunction-sections -fdata-sections  -fvisibility=hidden -fvisibility-inlines-hidden -s ERROR_ON_UNDEFINED_SYMBOLS=1 -DNDEBUG -O2 -fPIE   -o CMakeFiles/cmTC_3509f.dir/CheckSymbolExists.c.o   -c /home/maha/opencv-3.4.0/build_js/CMakeFiles/CMakeTmp/CheckSymbolExists.c
Linking C executable cmTC_3509f.js
/usr/bin/cmake -E cmake_link_script CMakeFiles/cmTC_3509f.dir/link.txt --verbose=1
/home/maha/emsdk/emscripten/1.37.39/emcc     -fsigned-char -W -Wall -Werror=return-type -Werror=non-virtual-dtor -Werror=address -Werror=sequence-point -Wformat -Werror=format-security -Wmissing-declarations -Wmissing-prototypes -Wstrict-prototypes -Wundef -Winit-self -Wpointer-arith -Wshadow -Wsign-promo -Wuninitialized -Winit-self -Wno-narrowing -Wno-delete-non-virtual-dtor -Wno-unnamed-type-template-args -Wno-comment -Wno-implicit-fallthrough -fdiagnostics-show-option -pthread -Qunused-arguments -march=i686 -fomit-frame-pointer -ffunction-sections -fdata-sections  -fvisibility=hidden -fvisibility-inlines-hidden -s ERROR_ON_UNDEFINED_SYMBOLS=1 -DNDEBUG -O2    -Wl,--gc-sections  -O2 @CMakeFiles/cmTC_3509f.dir/objects1.rsp  -o cmTC_3509f.js  
make[1]: выход из каталога «/home/maha/opencv-3.4.0/build_js/CMakeFiles/CMakeTmp»

File /home/maha/opencv-3.4.0/build_js/CMakeFiles/CMakeTmp/CheckSymbolExists.c:
/* */
#include <malloc.h>

int main(int argc, char** argv)
{
  (void)argv;
#ifndef memalign
  return ((int*)(&memalign))[argc];
#else
  (void)argc;
  return 0;
#endif
}

Determining if the function fseeko exists passed with the following output:
Change Dir: /home/maha/opencv-3.4.0/build_js/CMakeFiles/CMakeTmp

Run Build Command:"/usr/bin/make" "cmTC_dfcb4/fast"
/usr/bin/make -f CMakeFiles/cmTC_dfcb4.dir/build.make CMakeFiles/cmTC_dfcb4.dir/build
make[1]: вход в каталог «/home/maha/opencv-3.4.0/build_js/CMakeFiles/CMakeTmp»
Building C object CMakeFiles/cmTC_dfcb4.dir/CheckFunctionExists.c.o
/home/maha/emsdk/emscripten/1.37.39/emcc    -fsigned-char -W -Wall -Werror=return-type -Werror=non-virtual-dtor -Werror=address -Werror=sequence-point -Wformat -Werror=format-security -Wmissing-declarations -Wmissing-prototypes -Wstrict-prototypes -Wundef -Winit-self -Wpointer-arith -Wshadow -Wsign-promo -Wuninitialized -Winit-self -Wno-narrowing -Wno-delete-non-virtual-dtor -Wno-unnamed-type-template-args -Wno-comment -Wno-implicit-fallthrough -fdiagnostics-show-option -pthread -Qunused-arguments -march=i686 -fomit-frame-pointer -ffunction-sections -fdata-sections  -fvisibility=hidden -fvisibility-inlines-hidden -DCHECK_FUNCTION_EXISTS=fseeko -s ERROR_ON_UNDEFINED_SYMBOLS=1 -DNDEBUG -O2 -fPIE   -o CMakeFiles/cmTC_dfcb4.dir/CheckFunctionExists.c.o   -c /usr/share/cmake-3.5/Modules/CheckFunctionExists.c
/usr/share/cmake-3.5/Modules/CheckFunctionExists.c:6:27: warning: this function declaration is not a prototype [-Wstrict-prototypes]
char CHECK_FUNCTION_EXISTS();
                          ^
                           void
1 warning generated.
Linking C executable cmTC_dfcb4.js
/usr/bin/cmake -E cmake_link_script CMakeFiles/cmTC_dfcb4.dir/link.txt --verbose=1
/home/maha/emsdk/emscripten/1.37.39/emcc     -fsigned-char -W -Wall -Werror=return-type -Werror=non-virtual-dtor -Werror=address -Werror=sequence-point -Wformat -Werror=format-security -Wmissing-declarations -Wmissing-prototypes -Wstrict-prototypes -Wundef -Winit-self -Wpointer-arith -Wshadow -Wsign-promo -Wuninitialized -Winit-self -Wno-narrowing -Wno-delete-non-virtual-dtor -Wno-unnamed-type-template-args -Wno-comment -Wno-implicit-fallthrough -fdiagnostics-show-option -pthread -Qunused-arguments -march=i686 -fomit-frame-pointer -ffunction-sections -fdata-sections  -fvisibility=hidden -fvisibility-inlines-hidden -DCHECK_FUNCTION_EXISTS=fseeko -s ERROR_ON_UNDEFINED_SYMBOLS=1 -DNDEBUG -O2    -Wl,--gc-sections  -O2 @CMakeFiles/cmTC_dfcb4.dir/objects1.rsp  -o cmTC_dfcb4.js  
make[1]: выход из каталога «/home/maha/opencv-3.4.0/build_js/CMakeFiles/CMakeTmp»


Determining if the include file unistd.h exists passed with the following output:
Change Dir: /home/maha/opencv-3.4.0/build_js/CMakeFiles/CMakeTmp

Run Build Command:"/usr/bin/make" "cmTC_ddf6d/fast"
/usr/bin/make -f CMakeFiles/cmTC_ddf6d.dir/build.make CMakeFiles/cmTC_ddf6d.dir/build
make[1]: вход в каталог «/home/maha/opencv-3.4.0/build_js/CMakeFiles/CMakeTmp»
Building C object CMakeFiles/cmTC_ddf6d.dir/CheckIncludeFile.c.o
/home/maha/emsdk/emscripten/1.37.39/emcc    -fsigned-char -W -Wall -Werror=return-type -Werror=non-virtual-dtor -Werror=address -Werror=sequence-point -Wformat -Werror=format-security -Wmissing-declarations -Wmissing-prototypes -Wstrict-prototypes -Wundef -Winit-self -Wpointer-arith -Wshadow -Wsign-promo -Wuninitialized -Winit-self -Wno-narrowing -Wno-delete-non-virtual-dtor -Wno-unnamed-type-template-args -Wno-comment -Wno-implicit-fallthrough -fdiagnostics-show-option -pthread -Qunused-arguments -march=i686 -fomit-frame-pointer -ffunction-sections -fdata-sections  -fvisibility=hidden -fvisibility-inlines-hidden -s ERROR_ON_UNDEFINED_SYMBOLS=1 -DNDEBUG -O2 -fPIE   -o CMakeFiles/cmTC_ddf6d.dir/CheckIncludeFile.c.o   -c /home/maha/opencv-3.4.0/build_js/CMakeFiles/CMakeTmp/CheckIncludeFile.c
Linking C executable cmTC_ddf6d.js
/usr/bin/cmake -E cmake_link_script CMakeFiles/cmTC_ddf6d.dir/link.txt --verbose=1
/home/maha/emsdk/emscripten/1.37.39/emcc     -fsigned-char -W -Wall -Werror=return-type -Werror=non-virtual-dtor -Werror=address -Werror=sequence-point -Wformat -Werror=format-security -Wmissing-declarations -Wmissing-prototypes -Wstrict-prototypes -Wundef -Winit-self -Wpointer-arith -Wshadow -Wsign-promo -Wuninitialized -Winit-self -Wno-narrowing -Wno-delete-non-virtual-dtor -Wno-unnamed-type-template-args -Wno-comment -Wno-implicit-fallthrough -fdiagnostics-show-option -pthread -Qunused-arguments -march=i686 -fomit-frame-pointer -ffunction-sections -fdata-sections  -fvisibility=hidden -fvisibility-inlines-hidden -s ERROR_ON_UNDEFINED_SYMBOLS=1 -DNDEBUG -O2    -Wl,--gc-sections  -O2 @CMakeFiles/cmTC_ddf6d.dir/objects1.rsp  -o cmTC_ddf6d.js  
make[1]: выход из каталога «/home/maha/opencv-3.4.0/build_js/CMakeFiles/CMakeTmp»


Determining if the include file sys/types.h exists passed with the following output:
Change Dir: /home/maha/opencv-3.4.0/build_js/CMakeFiles/CMakeTmp

Run Build Command:"/usr/bin/make" "cmTC_907ad/fast"
/usr/bin/make -f CMakeFiles/cmTC_907ad.dir/build.make CMakeFiles/cmTC_907ad.dir/build
make[1]: вход в каталог «/home/maha/opencv-3.4.0/build_js/CMakeFiles/CMakeTmp»
Building C object CMakeFiles/cmTC_907ad.dir/CheckIncludeFile.c.o
/home/maha/emsdk/emscripten/1.37.39/emcc    -fsigned-char -W -Wall -Werror=return-type -Werror=non-virtual-dtor -Werror=address -Werror=sequence-point -Wformat -Werror=format-security -Wmissing-declarations -Wmissing-prototypes -Wstrict-prototypes -Wundef -Winit-self -Wpointer-arith -Wshadow -Wsign-promo -Wuninitialized -Winit-self -Wno-narrowing -Wno-delete-non-virtual-dtor -Wno-unnamed-type-template-args -Wno-comment -Wno-implicit-fallthrough -fdiagnostics-show-option -pthread -Qunused-arguments -march=i686 -fomit-frame-pointer -ffunction-sections -fdata-sections  -fvisibility=hidden -fvisibility-inlines-hidden -s ERROR_ON_UNDEFINED_SYMBOLS=1 -DNDEBUG -O2 -fPIE   -o CMakeFiles/cmTC_907ad.dir/CheckIncludeFile.c.o   -c /home/maha/opencv-3.4.0/build_js/CMakeFiles/CMakeTmp/CheckIncludeFile.c
Linking C executable cmTC_907ad.js
/usr/bin/cmake -E cmake_link_script CMakeFiles/cmTC_907ad.dir/link.txt --verbose=1
/home/maha/emsdk/emscripten/1.37.39/emcc     -fsigned-char -W -Wall -Werror=return-type -Werror=non-virtual-dtor -Werror=address -Werror=sequence-point -Wformat -Werror=format-security -Wmissing-declarations -Wmissing-prototypes -Wstrict-prototypes -Wundef -Winit-self -Wpointer-arith -Wshadow -Wsign-promo -Wuninitialized -Winit-self -Wno-narrowing -Wno-delete-non-virtual-dtor -Wno-unnamed-type-template-args -Wno-comment -Wno-implicit-fallthrough -fdiagnostics-show-option -pthread -Qunused-arguments -march=i686 -fomit-frame-pointer -ffunction-sections -fdata-sections  -fvisibility=hidden -fvisibility-inlines-hidden -s ERROR_ON_UNDEFINED_SYMBOLS=1 -DNDEBUG -O2    -Wl,--gc-sections  -O2 @CMakeFiles/cmTC_907ad.dir/objects1.rsp  -o cmTC_907ad.js  
make[1]: выход из каталога «/home/maha/opencv-3.4.0/build_js/CMakeFiles/CMakeTmp»


Determining if the include file stdint.h exists passed with the following output:
Change Dir: /home/maha/opencv-3.4.0/build_js/CMakeFiles/CMakeTmp

Run Build Command:"/usr/bin/make" "cmTC_2dce9/fast"
/usr/bin/make -f CMakeFiles/cmTC_2dce9.dir/build.make CMakeFiles/cmTC_2dce9.dir/build
make[1]: вход в каталог «/home/maha/opencv-3.4.0/build_js/CMakeFiles/CMakeTmp»
Building C object CMakeFiles/cmTC_2dce9.dir/CheckIncludeFile.c.o
/home/maha/emsdk/emscripten/1.37.39/emcc    -fsigned-char -W -Wall -Werror=return-type -Werror=non-virtual-dtor -Werror=address -Werror=sequence-point -Wformat -Werror=format-security -Wmissing-declarations -Wmissing-prototypes -Wstrict-prototypes -Wundef -Winit-self -Wpointer-arith -Wshadow -Wsign-promo -Wuninitialized -Winit-self -Wno-narrowing -Wno-delete-non-virtual-dtor -Wno-unnamed-type-template-args -Wno-comment -Wno-implicit-fallthrough -fdiagnostics-show-option -pthread -Qunused-arguments -march=i686 -fomit-frame-pointer -ffunction-sections -fdata-sections  -fvisibility=hidden -fvisibility-inlines-hidden -s ERROR_ON_UNDEFINED_SYMBOLS=1 -DNDEBUG -O2 -fPIE   -o CMakeFiles/cmTC_2dce9.dir/CheckIncludeFile.c.o   -c /home/maha/opencv-3.4.0/build_js/CMakeFiles/CMakeTmp/CheckIncludeFile.c
Linking C executable cmTC_2dce9.js
/usr/bin/cmake -E cmake_link_script CMakeFiles/cmTC_2dce9.dir/link.txt --verbose=1
/home/maha/emsdk/emscripten/1.37.39/emcc     -fsigned-char -W -Wall -Werror=return-type -Werror=non-virtual-dtor -Werror=address -Werror=sequence-point -Wformat -Werror=format-security -Wmissing-declarations -Wmissing-prototypes -Wstrict-prototypes -Wundef -Winit-self -Wpointer-arith -Wshadow -Wsign-promo -Wuninitialized -Winit-self -Wno-narrowing -Wno-delete-non-virtual-dtor -Wno-unnamed-type-template-args -Wno-comment -Wno-implicit-fallthrough -fdiagnostics-show-option -pthread -Qunused-arguments -march=i686 -fomit-frame-pointer -ffunction-sections -fdata-sections  -fvisibility=hidden -fvisibility-inlines-hidden -s ERROR_ON_UNDEFINED_SYMBOLS=1 -DNDEBUG -O2    -Wl,--gc-sections  -O2 @CMakeFiles/cmTC_2dce9.dir/objects1.rsp  -o cmTC_2dce9.js  
make[1]: выход из каталога «/home/maha/opencv-3.4.0/build_js/CMakeFiles/CMakeTmp»


Determining if the include file stddef.h exists passed with the following output:
Change Dir: /home/maha/opencv-3.4.0/build_js/CMakeFiles/CMakeTmp

Run Build Command:"/usr/bin/make" "cmTC_83439/fast"
/usr/bin/make -f CMakeFiles/cmTC_83439.dir/build.make CMakeFiles/cmTC_83439.dir/build
make[1]: вход в каталог «/home/maha/opencv-3.4.0/build_js/CMakeFiles/CMakeTmp»
Building C object CMakeFiles/cmTC_83439.dir/CheckIncludeFile.c.o
/home/maha/emsdk/emscripten/1.37.39/emcc    -fsigned-char -W -Wall -Werror=return-type -Werror=non-virtual-dtor -Werror=address -Werror=sequence-point -Wformat -Werror=format-security -Wmissing-declarations -Wmissing-prototypes -Wstrict-prototypes -Wundef -Winit-self -Wpointer-arith -Wshadow -Wsign-promo -Wuninitialized -Winit-self -Wno-narrowing -Wno-delete-non-virtual-dtor -Wno-unnamed-type-template-args -Wno-comment -Wno-implicit-fallthrough -fdiagnostics-show-option -pthread -Qunused-arguments -march=i686 -fomit-frame-pointer -ffunction-sections -fdata-sections  -fvisibility=hidden -fvisibility-inlines-hidden -s ERROR_ON_UNDEFINED_SYMBOLS=1 -DNDEBUG -O2 -fPIE   -o CMakeFiles/cmTC_83439.dir/CheckIncludeFile.c.o   -c /home/maha/opencv-3.4.0/build_js/CMakeFiles/CMakeTmp/CheckIncludeFile.c
Linking C executable cmTC_83439.js
/usr/bin/cmake -E cmake_link_script CMakeFiles/cmTC_83439.dir/link.txt --verbose=1
/home/maha/emsdk/emscripten/1.37.39/emcc     -fsigned-char -W -Wall -Werror=return-type -Werror=non-virtual-dtor -Werror=address -Werror=sequence-point -Wformat -Werror=format-security -Wmissing-declarations -Wmissing-prototypes -Wstrict-prototypes -Wundef -Winit-self -Wpointer-arith -Wshadow -Wsign-promo -Wuninitialized -Winit-self -Wno-narrowing -Wno-delete-non-virtual-dtor -Wno-unnamed-type-template-args -Wno-comment -Wno-implicit-fallthrough -fdiagnostics-show-option -pthread -Qunused-arguments -march=i686 -fomit-frame-pointer -ffunction-sections -fdata-sections  -fvisibility=hidden -fvisibility-inlines-hidden -s ERROR_ON_UNDEFINED_SYMBOLS=1 -DNDEBUG -O2    -Wl,--gc-sections  -O2 @CMakeFiles/cmTC_83439.dir/objects1.rsp  -o cmTC_83439.js  
make[1]: выход из каталога «/home/maha/opencv-3.4.0/build_js/CMakeFiles/CMakeTmp»


